<?xml version="1.0" encoding="UTF-8"?>
<!-- Generated by org.testng.reporters.JUnitReportReporter -->
<testsuite name="com.qait.automation.SnlMaven.SnlTest" tests="5" time="0.099" ignored="0" failures="0" timestamp="25 Jun 2018 04:16:03 GMT" skipped="0" hostname="ASDP1760PO02529" errors="0">
  <testcase name="turnnotvalid" time="0.008" classname="com.qait.automation.SnlMaven.SnlTest"/>
  <testcase name="playersWithSameName" time="0.024" classname="com.qait.automation.SnlMaven.SnlTest"/>
  <testcase name="newPlayerInMiddleOfGame" time="0.011" classname="com.qait.automation.SnlMaven.SnlTest"/>
  <testcase name="NumberOfPlayers" time="0.053" classname="com.qait.automation.SnlMaven.SnlTest"/>
  <testcase name="deletingUserWithNoSuchUuid" time="0.003" classname="com.qait.automation.SnlMaven.SnlTest"/>
</testsuite> <!-- com.qait.automation.SnlMaven.SnlTest -->
