<?xml version="1.0" encoding="UTF-8"?>
<!-- Generated by org.testng.reporters.JUnitReportReporter -->
<testsuite name="com.qait.automation.SnlMaven.SnlTest1" tests="7" time="0.143" ignored="0" failures="0" timestamp="28 Jun 2018 08:19:57 GMT" skipped="0" hostname="ASDP1760PO02529" errors="0">
  <testcase name="try_deleting_user_already_deleted" time="0.034" classname="com.qait.automation.SnlMaven.SnlTest1"/>
  <testcase name="try_making_invalid_turn" time="0.014" classname="com.qait.automation.SnlMaven.SnlTest1"/>
  <testcase name="try_adding_same_name_user" time="0.017" classname="com.qait.automation.SnlMaven.SnlTest1"/>
  <testcase name="try_adding_user_when_gamestarted" time="0.027" classname="com.qait.automation.SnlMaven.SnlTest1"/>
  <testcase name="try_deleting_user" time="0.025" classname="com.qait.automation.SnlMaven.SnlTest1"/>
  <testcase name="trying_to_add_more_than_four_players" time="0.018" classname="com.qait.automation.SnlMaven.SnlTest1"/>
  <testcase name="try_deleting_user_not_registered_on_board" time="0.008" classname="com.qait.automation.SnlMaven.SnlTest1"/>
</testsuite> <!-- com.qait.automation.SnlMaven.SnlTest1 -->
